Copyright 1986-2022 Xilinx, Inc. All Rights Reserved. Copyright 2022-2023 Advanced Micro Devices, Inc. All Rights Reserved.
-------------------------------------------------------------------------------------------------------------------------------------------------
| Tool Version     : Vivado v.2023.1 (lin64) Build 3865809 Sun May  7 15:04:56 MDT 2023
| Date             : Wed Jan  8 09:44:16 2025
| Host             : kavya-Precision-Tower-5810 running 64-bit Ubuntu 22.04.5 LTS
| Command          : report_power -file fpga_power_routed.rpt -pb fpga_power_summary_routed.pb -rpx fpga_power_routed.rpx
| Design           : fpga
| Device           : xc7a200tfbg484-2
| Design State     : routed
| Grade            : commercial
| Process          : typical
| Characterization : Production
-------------------------------------------------------------------------------------------------------------------------------------------------

Power Report

Table of Contents
-----------------
1. Summary
1.1 On-Chip Components
1.2 Power Supply Summary
1.3 Confidence Level
2. Settings
2.1 Environment
2.2 Clock Constraints
3. Detailed Reports
3.1 By Hierarchy

1. Summary
----------

+--------------------------+--------------+
| Total On-Chip Power (W)  | 0.320        |
| Design Power Budget (W)  | Unspecified* |
| Power Budget Margin (W)  | NA           |
| Dynamic (W)              | 0.181        |
| Device Static (W)        | 0.139        |
| Effective TJA (C/W)      | 2.5          |
| Max Ambient (C)          | 84.2         |
| Junction Temperature (C) | 25.8         |
| Confidence Level         | Medium       |
| Setting File             | ---          |
| Simulation Activity File | ---          |
| Design Nets Matched      | NA           |
+--------------------------+--------------+
* Specify Design Power Budget using, set_operating_conditions -design_power_budget <value in Watts>


1.1 On-Chip Components
----------------------

+--------------------------+-----------+----------+-----------+-----------------+
| On-Chip                  | Power (W) | Used     | Available | Utilization (%) |
+--------------------------+-----------+----------+-----------+-----------------+
| Clocks                   |     0.015 |        8 |       --- |             --- |
| Slice Logic              |     0.007 |     5299 |       --- |             --- |
|   LUT as Logic           |     0.006 |     1726 |    133800 |            1.29 |
|   CARRY4                 |    <0.001 |      200 |     33450 |            0.60 |
|   Register               |    <0.001 |     2761 |    269200 |            1.03 |
|   LUT as Distributed RAM |    <0.001 |       92 |     46200 |            0.20 |
|   F7/F8 Muxes            |    <0.001 |       17 |    133800 |            0.01 |
|   Others                 |     0.000 |       67 |       --- |             --- |
| Signals                  |     0.008 |     4434 |       --- |             --- |
| Block RAM                |     0.012 |        8 |       365 |            2.19 |
| MMCM                     |     0.108 |        1 |        10 |           10.00 |
| I/O                      |     0.031 |       16 |       285 |            5.61 |
| Static Power             |     0.139 |          |           |                 |
| Total                    |     0.320 |          |           |                 |
+--------------------------+-----------+----------+-----------+-----------------+


1.2 Power Supply Summary
------------------------

+-----------+-------------+-----------+-------------+------------+-------------+-------------+------------+
| Source    | Voltage (V) | Total (A) | Dynamic (A) | Static (A) | Powerup (A) | Budget (A)  | Margin (A) |
+-----------+-------------+-----------+-------------+------------+-------------+-------------+------------+
| Vccint    |       1.000 |     0.075 |       0.044 |      0.031 |       NA    | Unspecified | NA         |
| Vccaux    |       1.800 |     0.094 |       0.063 |      0.031 |       NA    | Unspecified | NA         |
| Vcco33    |       3.300 |     0.012 |       0.007 |      0.005 |       NA    | Unspecified | NA         |
| Vcco25    |       2.500 |     0.000 |       0.000 |      0.000 |       NA    | Unspecified | NA         |
| Vcco18    |       1.800 |     0.000 |       0.000 |      0.000 |       NA    | Unspecified | NA         |
| Vcco15    |       1.500 |     0.000 |       0.000 |      0.000 |       NA    | Unspecified | NA         |
| Vcco135   |       1.350 |     0.000 |       0.000 |      0.000 |       NA    | Unspecified | NA         |
| Vcco12    |       1.200 |     0.000 |       0.000 |      0.000 |       NA    | Unspecified | NA         |
| Vccaux_io |       1.800 |     0.000 |       0.000 |      0.000 |       NA    | Unspecified | NA         |
| Vccbram   |       1.000 |     0.002 |       0.001 |      0.001 |       NA    | Unspecified | NA         |
| MGTAVcc   |       1.000 |     0.000 |       0.000 |      0.000 |       NA    | Unspecified | NA         |
| MGTAVtt   |       1.200 |     0.000 |       0.000 |      0.000 |       NA    | Unspecified | NA         |
| Vccadc    |       1.800 |     0.020 |       0.000 |      0.020 |       NA    | Unspecified | NA         |
+-----------+-------------+-----------+-------------+------------+-------------+-------------+------------+


1.3 Confidence Level
--------------------

+-----------------------------+------------+-------------------------------------------------------+------------------------------------------------------------------------------------------------------------+
| User Input Data             | Confidence | Details                                               | Action                                                                                                     |
+-----------------------------+------------+-------------------------------------------------------+------------------------------------------------------------------------------------------------------------+
| Design implementation state | High       | Design is routed                                      |                                                                                                            |
| Clock nodes activity        | High       | User specified more than 95% of clocks                |                                                                                                            |
| I/O nodes activity          | Medium     | More than 5% of inputs are missing user specification | Provide missing input activity with simulation results or by editing the "By Resource Type -> I/Os" view   |
| Internal nodes activity     | Medium     | User specified less than 25% of internal nodes        | Provide missing internal nodes activity with simulation results or by editing the "By Resource Type" views |
| Device models               | High       | Device models are Production                          |                                                                                                            |
|                             |            |                                                       |                                                                                                            |
| Overall confidence level    | Medium     |                                                       |                                                                                                            |
+-----------------------------+------------+-------------------------------------------------------+------------------------------------------------------------------------------------------------------------+


2. Settings
-----------

2.1 Environment
---------------

+-----------------------+--------------------------+
| Ambient Temp (C)      | 25.0                     |
| ThetaJA (C/W)         | 2.5                      |
| Airflow (LFM)         | 250                      |
| Heat Sink             | medium (Medium Profile)  |
| ThetaSA (C/W)         | 4.2                      |
| Board Selection       | medium (10"x10")         |
| # of Board Layers     | 12to15 (12 to 15 Layers) |
| Board Temperature (C) | 25.0                     |
+-----------------------+--------------------------+


2.2 Clock Constraints
---------------------

+------------------+--------------------------------+-----------------+
| Clock            | Domain                         | Constraint (ns) |
+------------------+--------------------------------+-----------------+
| clk_out1_clk_div | clk_mmcm/inst/clk_out1_clk_div |             8.0 |
| clk_out2_clk_div | clk_mmcm/inst/clk_out2_clk_div |             8.0 |
| clk_out3_clk_div | clk_mmcm/inst/clk_out3_clk_div |             5.0 |
| clk_p            | clk_p                          |             5.0 |
| clkfbout_clk_div | clk_mmcm/inst/clkfbout_clk_div |             5.0 |
| phy_rx_clk       | phy_rx_clk                     |             8.0 |
+------------------+--------------------------------+-----------------+


3. Detailed Reports
-------------------

3.1 By Hierarchy
----------------

+-----------------------------+-----------+
| Name                        | Power (W) |
+-----------------------------+-----------+
| fpga                        |     0.181 |
|   clk_mmcm                  |     0.110 |
|     inst                    |     0.110 |
|   core_inst                 |     0.039 |
|     eth_mac_inst            |     0.012 |
|       eth_mac_1g_rgmii_inst |     0.005 |
|       rx_fifo               |     0.005 |
|       tx_fifo               |     0.002 |
|     udp_complete_inst       |     0.025 |
|       ip_complete_inst      |     0.017 |
|       udp_inst              |     0.007 |
+-----------------------------+-----------+


